<?xml version="1.0" encoding="UTF-8"?>
<!-- Generated by org.testng.reporters.JUnitXMLReporter -->
<testsuite ignored="0" hostname="6a950c95d58a5cd" failures="2" tests="14" name="Test" time="114.014" errors="0" timestamp="2025-02-10T15:56:13 IST">
  <testcase classname="testcases.yakshaHealthAppTestCase" name="verifyTitleOfTheHomePage" time="5.139"/>
  <testcase classname="testcases.yakshaHealthAppTestCase" name="verifySelectCounterPopupIsPresentAndNavigateToNextpage" time="8.26"/>
  <testcase classname="testcases.yakshaHealthAppTestCase" name="performKeyBoardOperationToOpenAddNewPatientPopup" time="2.897"/>
  <testcase classname="testcases.yakshaHealthAppTestCase" name="fillTheTextFieldInAddNewPatientPopup" time="1.013"/>
  <testcase classname="testcases.yakshaHealthAppTestCase" name="verifyEnteredValueIsPresent" time="0.779"/>
  <testcase classname="testcases.yakshaHealthAppTestCase" name="verifyIndiaIsSelectedFromCountryDropdown" time="1.649"/>
  <testcase classname="testcases.yakshaHealthAppTestCase" name="validateErrorMessageWhenClickOnRegisterBillingButton" time="0.338"/>
  <testcase classname="testcases.yakshaHealthAppTestCase" name="verifyDispensaryArrowIsExpanding" time="4.374"/>
  <testcase classname="testcases.yakshaHealthAppTestCase" name="verifyDispensaryArrowIsMinimizing" time="0.178">
    <failure type="java.lang.AssertionError" message="Dispensary Arrow element is not present, please check manually expected [true] but found [false]">
      <![CDATA[java.lang.AssertionError: Dispensary Arrow element is not present, please check manually expected [true] but found [false]
at testcases.yakshaHealthAppTestCase.verifyDispensaryArrowIsMinimizing(yakshaHealthAppTestCase.java:137)
at java.base/java.util.concurrent.ThreadPoolExecutor.runWorker(ThreadPoolExecutor.java:1136)
at java.base/java.util.concurrent.ThreadPoolExecutor$Worker.run(ThreadPoolExecutor.java:635)
at java.base/java.lang.Thread.run(Thread.java:842)
... Removed 15 stack frames]]>
    </failure>
  </testcase> <!-- verifyDispensaryArrowIsMinimizing -->
  <testcase classname="testcases.yakshaHealthAppTestCase" name="verifyControlScrollingFromDispensaryToSettingModule" time="1.213"/>
  <testcase classname="testcases.yakshaHealthAppTestCase" name="searchForApatientAndViewDetailsOfSelectedPatient" time="30.175">
    <failure type="org.openqa.selenium.NoSuchElementException" message="no such element: Unable to locate element: {&amp;quot;method&amp;quot;:&amp;quot;xpath&amp;quot;,&amp;quot;selector&amp;quot;:&amp;quot;(//span[contains(text(),&amp;apos;Click to Activate&amp;apos;)])[1]&amp;quot;}
  (Session info: chrome=122.0.6261.95)
For documentation on this error, please visit: https://www.selenium.dev/documentation/webdriver/troubleshooting/errors#no-such-element-exception
Build info: version: &amp;apos;4.10.0&amp;apos;, revision: &amp;apos;c14d967899&amp;apos;
System info: os.name: &amp;apos;Windows 10&amp;apos;, os.arch: &amp;apos;amd64&amp;apos;, os.version: &amp;apos;10.0&amp;apos;, java.version: &amp;apos;17.0.10&amp;apos;
Driver info: org.openqa.selenium.chrome.ChromeDriver
Command: [d08294f70437a158b063b851a63e788b, findElement {using=xpath, value=(//span[contains(text(),&amp;apos;Click to Activate&amp;apos;)])[1]}]
Capabilities {acceptInsecureCerts: false, browserName: chrome, browserVersion: 122.0.6261.95, chrome: {chromedriverVersion: 122.0.6261.94 (880dbf29479c..., userDataDir: C:\Windows\SystemTemp\scope...}, fedcm:accounts: true, goog:chromeOptions: {debuggerAddress: localhost:51045}, networkConnectionEnabled: false, pageLoadStrategy: normal, platformName: windows, proxy: Proxy(), se:cdp: ws://localhost:51045/devtoo..., se:cdpVersion: 122.0.6261.95, setWindowRect: true, strictFileInteractability: false, timeouts: {implicit: 0, pageLoad: 300000, script: 30000}, unhandledPromptBehavior: dismiss and notify, webauthn:extension:credBlob: true, webauthn:extension:largeBlob: true, webauthn:extension:minPinLength: true, webauthn:extension:prf: true, webauthn:virtualAuthenticators: true}
Session ID: d08294f70437a158b063b851a63e788b">
      <![CDATA[org.openqa.selenium.NoSuchElementException: no such element: Unable to locate element: {"method":"xpath","selector":"(//span[contains(text(),'Click to Activate')])[1]"}
  (Session info: chrome=122.0.6261.95)
For documentation on this error, please visit: https://www.selenium.dev/documentation/webdriver/troubleshooting/errors#no-such-element-exception
Build info: version: '4.10.0', revision: 'c14d967899'
System info: os.name: 'Windows 10', os.arch: 'amd64', os.version: '10.0', java.version: '17.0.10'
Driver info: org.openqa.selenium.chrome.ChromeDriver
Command: [d08294f70437a158b063b851a63e788b, findElement {using=xpath, value=(//span[contains(text(),'Click to Activate')])[1]}]
Capabilities {acceptInsecureCerts: false, browserName: chrome, browserVersion: 122.0.6261.95, chrome: {chromedriverVersion: 122.0.6261.94 (880dbf29479c..., userDataDir: C:\Windows\SystemTemp\scope...}, fedcm:accounts: true, goog:chromeOptions: {debuggerAddress: localhost:51045}, networkConnectionEnabled: false, pageLoadStrategy: normal, platformName: windows, proxy: Proxy(), se:cdp: ws://localhost:51045/devtoo..., se:cdpVersion: 122.0.6261.95, setWindowRect: true, strictFileInteractability: false, timeouts: {implicit: 0, pageLoad: 300000, script: 30000}, unhandledPromptBehavior: dismiss and notify, webauthn:extension:credBlob: true, webauthn:extension:largeBlob: true, webauthn:extension:minPinLength: true, webauthn:extension:prf: true, webauthn:virtualAuthenticators: true}
Session ID: d08294f70437a158b063b851a63e788b
at org.openqa.selenium.remote.codec.w3c.W3CHttpResponseCodec.createException(W3CHttpResponseCodec.java:199)
at org.openqa.selenium.remote.codec.w3c.W3CHttpResponseCodec.decode(W3CHttpResponseCodec.java:132)
at org.openqa.selenium.remote.codec.w3c.W3CHttpResponseCodec.decode(W3CHttpResponseCodec.java:51)
at org.openqa.selenium.remote.HttpCommandExecutor.execute(HttpCommandExecutor.java:191)
at org.openqa.selenium.remote.service.DriverCommandExecutor.invokeExecute(DriverCommandExecutor.java:196)
at org.openqa.selenium.remote.service.DriverCommandExecutor.execute(DriverCommandExecutor.java:171)
at org.openqa.selenium.remote.RemoteWebDriver.execute(RemoteWebDriver.java:531)
at org.openqa.selenium.remote.ElementLocation$ElementFinder$2.findElement(ElementLocation.java:165)
at org.openqa.selenium.remote.ElementLocation.findElement(ElementLocation.java:59)
at org.openqa.selenium.remote.RemoteWebDriver.findElement(RemoteWebDriver.java:350)
at org.openqa.selenium.remote.RemoteWebDriver.findElement(RemoteWebDriver.java:344)
at coreUtilities.utils.CommonEvents.getWebElement(CommonEvents.java:95)
at coreUtilities.utils.CommonEvents.waitTillElementVisible(CommonEvents.java:3805)
at pages.yakshaHealthAppPages.searchForPatientAndViewDetailsOfSelectedPatient(yakshaHealthAppPages.java:486)
at testcases.yakshaHealthAppTestCase.searchForApatientAndViewDetailsOfSelectedPatient(yakshaHealthAppTestCase.java:154)
at java.base/java.util.concurrent.ThreadPoolExecutor.runWorker(ThreadPoolExecutor.java:1136)
at java.base/java.util.concurrent.ThreadPoolExecutor$Worker.run(ThreadPoolExecutor.java:635)
at java.base/java.lang.Thread.run(Thread.java:842)
... Removed 17 stack frames]]>
    </failure>
  </testcase> <!-- searchForApatientAndViewDetailsOfSelectedPatient -->
  <testcase classname="testcases.yakshaHealthAppTestCase" name="takeScreenshotOfDoctorPage" time="5.308"/>
  <testcase classname="testcases.yakshaHealthAppTestCase" name="deactivateUserByManagingTheAlertPopup" time="0.878"/>
  <testcase classname="testcases.yakshaHealthAppTestCase" name="verifyTooltipOfAnElement" time="0.5"/>
</testsuite> <!-- Test -->
