<html>
<head>
<title>TestNG:  Test</title>
<link href="../testng.css" rel="stylesheet" type="text/css" />
<link href="../my-testng.css" rel="stylesheet" type="text/css" />

<style type="text/css">
.log { display: none;} 
.stack-trace { display: none;} 
</style>
<script type="text/javascript">
<!--
function flip(e) {
  current = e.style.display;
  if (current == 'block') {
    e.style.display = 'none';
    return 0;
  }
  else {
    e.style.display = 'block';
    return 1;
  }
}

function toggleBox(szDivId, elem, msg1, msg2)
{
  var res = -1;  if (document.getElementById) {
    res = flip(document.getElementById(szDivId));
  }
  else if (document.all) {
    // this is the way old msie versions work
    res = flip(document.all[szDivId]);
  }
  if(elem) {
    if(res == 0) elem.innerHTML = msg1; else elem.innerHTML = msg2;
  }

}

function toggleAllBoxes() {
  if (document.getElementsByTagName) {
    d = document.getElementsByTagName('div');
    for (i = 0; i < d.length; i++) {
      if (d[i].className == 'log') {
        flip(d[i]);
      }
    }
  }
}

// -->
</script>

</head>
<body>
<h2 align='center'>Test</h2><table border='1' align="center">
<tr>
<td>Tests passed/Failed/Skipped:</td><td>12/2/0</td>
</tr><tr>
<td>Started on:</td><td>Mon Feb 10 15:54:19 IST 2025</td>
</tr>
<tr><td>Total time:</td><td>114 seconds (114014 ms)</td>
</tr><tr>
<td>Included groups:</td><td>sanity </td>
</tr><tr>
<td>Excluded groups:</td><td></td>
</tr>
</table><p/>
<small><i>(Hover the method name to see the test class name)</i></small><p/>
<table width='100%' border='1' class='invocation-failed'>
<tr><td colspan='4' align='center'><b>FAILED TESTS</b></td></tr>
<tr><td><b>Test method</b></td>
<td><b>Attribute(s)</b></td>
<td width="30%"><b>Exception</b></td>
<td width="10%"><b>Time (seconds)</b></td>
<td><b>Instance</b></td>
</tr>
<tr>
<td title='testcases.yakshaHealthAppTestCase.searchForApatientAndViewDetailsOfSelectedPatient()'><b>searchForApatientAndViewDetailsOfSelectedPatient</b><br>Test class: testcases.yakshaHealthAppTestCase<br>Test method: Search for a patient name and view the details of the selected patient</td>
<td><div><pre>org.openqa.selenium.NoSuchElementException: no such element: Unable to locate element: {&quot;method&quot;:&quot;xpath&quot;,&quot;selector&quot;:&quot;(//span[contains(text(),&apos;Click to Activate&apos;)])[1]&quot;}
  (Session info: chrome=122.0.6261.95)
For documentation on this error, please visit: https://www.selenium.dev/documentation/webdriver/troubleshooting/errors#no-such-element-exception
Build info: version: &apos;4.10.0&apos;, revision: &apos;c14d967899&apos;
System info: os.name: &apos;Windows 10&apos;, os.arch: &apos;amd64&apos;, os.version: &apos;10.0&apos;, java.version: &apos;17.0.10&apos;
Driver info: org.openqa.selenium.chrome.ChromeDriver
Command: [d08294f70437a158b063b851a63e788b, findElement {using=xpath, value=(//span[contains(text(),&apos;Click to Activate&apos;)])[1]}]
Capabilities {acceptInsecureCerts: false, browserName: chrome, browserVersion: 122.0.6261.95, chrome: {chromedriverVersion: 122.0.6261.94 (880dbf29479c..., userDataDir: C:\Windows\SystemTemp\scope...}, fedcm:accounts: true, goog:chromeOptions: {debuggerAddress: localhost:51045}, networkConnectionEnabled: false, pageLoadStrategy: normal, platformName: windows, proxy: Proxy(), se:cdp: ws://localhost:51045/devtoo..., se:cdpVersion: 122.0.6261.95, setWindowRect: true, strictFileInteractability: false, timeouts: {implicit: 0, pageLoad: 300000, script: 30000}, unhandledPromptBehavior: dismiss and notify, webauthn:extension:credBlob: true, webauthn:extension:largeBlob: true, webauthn:extension:minPinLength: true, webauthn:extension:prf: true, webauthn:virtualAuthenticators: true}
Session ID: d08294f70437a158b063b851a63e788b
	at org.openqa.selenium.remote.codec.w3c.W3CHttpResponseCodec.createException(W3CHttpResponseCodec.java:199)
	at org.openqa.selenium.remote.codec.w3c.W3CHttpResponseCodec.decode(W3CHttpResponseCodec.java:132)
	at org.openqa.selenium.remote.codec.w3c.W3CHttpResponseCodec.decode(W3CHttpResponseCodec.java:51)
	at org.openqa.selenium.remote.HttpCommandExecutor.execute(HttpCommandExecutor.java:191)
	at org.openqa.selenium.remote.service.DriverCommandExecutor.invokeExecute(DriverCommandExecutor.java:196)
	at org.openqa.selenium.remote.service.DriverCommandExecutor.execute(DriverCommandExecutor.java:171)
	at org.openqa.selenium.remote.RemoteWebDriver.execute(RemoteWebDriver.java:531)
	at org.openqa.selenium.remote.ElementLocation$ElementFinder$2.findElement(ElementLocation.java:165)
	at org.openqa.selenium.remote.ElementLocation.findElement(ElementLocation.java:59)
	at org.openqa.selenium.remote.RemoteWebDriver.findElement(RemoteWebDriver.java:350)
	at org.openqa.selenium.remote.RemoteWebDriver.findElement(RemoteWebDriver.java:344)
	at coreUtilities.utils.CommonEvents.getWebElement(CommonEvents.java:95)
	at coreUtilities.utils.CommonEvents.waitTillElementVisible(CommonEvents.java:3805)
	at pages.yakshaHealthAppPages.searchForPatientAndViewDetailsOfSelectedPatient(yakshaHealthAppPages.java:486)
	at testcases.yakshaHealthAppTestCase.searchForApatientAndViewDetailsOfSelectedPatient(yakshaHealthAppTestCase.java:154)
	at java.base/java.util.concurrent.ThreadPoolExecutor.runWorker(ThreadPoolExecutor.java:1136)
	at java.base/java.util.concurrent.ThreadPoolExecutor$Worker.run(ThreadPoolExecutor.java:635)
	at java.base/java.lang.Thread.run(Thread.java:842)
... Removed 17 stack frames</pre></div><a href='#' onClick='toggleBox("stack-trace1804883430", this, "Click to show all stack frames", "Click to hide stack frames")'>Click to show all stack frames</a>
<div class='stack-trace' id='stack-trace1804883430'><pre>org.openqa.selenium.NoSuchElementException: no such element: Unable to locate element: {&quot;method&quot;:&quot;xpath&quot;,&quot;selector&quot;:&quot;(//span[contains(text(),&apos;Click to Activate&apos;)])[1]&quot;}
  (Session info: chrome=122.0.6261.95)
For documentation on this error, please visit: https://www.selenium.dev/documentation/webdriver/troubleshooting/errors#no-such-element-exception
Build info: version: &apos;4.10.0&apos;, revision: &apos;c14d967899&apos;
System info: os.name: &apos;Windows 10&apos;, os.arch: &apos;amd64&apos;, os.version: &apos;10.0&apos;, java.version: &apos;17.0.10&apos;
Driver info: org.openqa.selenium.chrome.ChromeDriver
Command: [d08294f70437a158b063b851a63e788b, findElement {using=xpath, value=(//span[contains(text(),&apos;Click to Activate&apos;)])[1]}]
Capabilities {acceptInsecureCerts: false, browserName: chrome, browserVersion: 122.0.6261.95, chrome: {chromedriverVersion: 122.0.6261.94 (880dbf29479c..., userDataDir: C:\Windows\SystemTemp\scope...}, fedcm:accounts: true, goog:chromeOptions: {debuggerAddress: localhost:51045}, networkConnectionEnabled: false, pageLoadStrategy: normal, platformName: windows, proxy: Proxy(), se:cdp: ws://localhost:51045/devtoo..., se:cdpVersion: 122.0.6261.95, setWindowRect: true, strictFileInteractability: false, timeouts: {implicit: 0, pageLoad: 300000, script: 30000}, unhandledPromptBehavior: dismiss and notify, webauthn:extension:credBlob: true, webauthn:extension:largeBlob: true, webauthn:extension:minPinLength: true, webauthn:extension:prf: true, webauthn:virtualAuthenticators: true}
Session ID: d08294f70437a158b063b851a63e788b
	at java.base/jdk.internal.reflect.NativeConstructorAccessorImpl.newInstance0(Native Method)
	at java.base/jdk.internal.reflect.NativeConstructorAccessorImpl.newInstance(NativeConstructorAccessorImpl.java:77)
	at java.base/jdk.internal.reflect.DelegatingConstructorAccessorImpl.newInstance(DelegatingConstructorAccessorImpl.java:45)
	at java.base/java.lang.reflect.Constructor.newInstanceWithCaller(Constructor.java:499)
	at java.base/java.lang.reflect.Constructor.newInstance(Constructor.java:480)
	at org.openqa.selenium.remote.codec.w3c.W3CHttpResponseCodec.createException(W3CHttpResponseCodec.java:199)
	at org.openqa.selenium.remote.codec.w3c.W3CHttpResponseCodec.decode(W3CHttpResponseCodec.java:132)
	at org.openqa.selenium.remote.codec.w3c.W3CHttpResponseCodec.decode(W3CHttpResponseCodec.java:51)
	at org.openqa.selenium.remote.HttpCommandExecutor.execute(HttpCommandExecutor.java:191)
	at org.openqa.selenium.remote.service.DriverCommandExecutor.invokeExecute(DriverCommandExecutor.java:196)
	at org.openqa.selenium.remote.service.DriverCommandExecutor.execute(DriverCommandExecutor.java:171)
	at org.openqa.selenium.remote.RemoteWebDriver.execute(RemoteWebDriver.java:531)
	at org.openqa.selenium.remote.ElementLocation$ElementFinder$2.findElement(ElementLocation.java:165)
	at org.openqa.selenium.remote.ElementLocation.findElement(ElementLocation.java:59)
	at org.openqa.selenium.remote.RemoteWebDriver.findElement(RemoteWebDriver.java:350)
	at org.openqa.selenium.remote.RemoteWebDriver.findElement(RemoteWebDriver.java:344)
	at coreUtilities.utils.CommonEvents.getWebElement(CommonEvents.java:95)
	at coreUtilities.utils.CommonEvents.waitTillElementVisible(CommonEvents.java:3805)
	at pages.yakshaHealthAppPages.searchForPatientAndViewDetailsOfSelectedPatient(yakshaHealthAppPages.java:486)
	at testcases.yakshaHealthAppTestCase.searchForApatientAndViewDetailsOfSelectedPatient(yakshaHealthAppTestCase.java:154)
	at java.base/jdk.internal.reflect.NativeMethodAccessorImpl.invoke0(Native Method)
	at java.base/jdk.internal.reflect.NativeMethodAccessorImpl.invoke(NativeMethodAccessorImpl.java:77)
	at java.base/jdk.internal.reflect.DelegatingMethodAccessorImpl.invoke(DelegatingMethodAccessorImpl.java:43)
	at java.base/java.lang.reflect.Method.invoke(Method.java:568)
	at org.testng.internal.invokers.MethodInvocationHelper.invokeMethod(MethodInvocationHelper.java:139)
	at org.testng.internal.invokers.TestInvoker.invokeMethod(TestInvoker.java:664)
	at org.testng.internal.invokers.TestInvoker.invokeTestMethod(TestInvoker.java:227)
	at org.testng.internal.invokers.MethodRunner.runInSequence(MethodRunner.java:50)
	at org.testng.internal.invokers.TestInvoker$MethodInvocationAgent.invoke(TestInvoker.java:957)
	at org.testng.internal.invokers.TestInvoker.invokeTestMethods(TestInvoker.java:200)
	at org.testng.internal.invokers.TestMethodWorker.invokeTestMethods(TestMethodWorker.java:148)
	at org.testng.internal.invokers.TestMethodWorker.run(TestMethodWorker.java:128)
	at java.base/java.util.concurrent.ThreadPoolExecutor.runWorker(ThreadPoolExecutor.java:1136)
	at java.base/java.util.concurrent.ThreadPoolExecutor$Worker.run(ThreadPoolExecutor.java:635)
	at java.base/java.lang.Thread.run(Thread.java:842)
</pre></div></td>
<td>30</td>
<td>testcases.yakshaHealthAppTestCase@724f138e</td></tr>
<tr>
<td title='testcases.yakshaHealthAppTestCase.verifyDispensaryArrowIsMinimizing()'><b>verifyDispensaryArrowIsMinimizing</b><br>Test class: testcases.yakshaHealthAppTestCase<br>Test method: Verify that the dispensary arrow is minimizing.</td>
<td><div><pre>java.lang.AssertionError: Dispensary Arrow element is not present, please check manually expected [true] but found [false]
	at testcases.yakshaHealthAppTestCase.verifyDispensaryArrowIsMinimizing(yakshaHealthAppTestCase.java:137)
	at java.base/java.util.concurrent.ThreadPoolExecutor.runWorker(ThreadPoolExecutor.java:1136)
	at java.base/java.util.concurrent.ThreadPoolExecutor$Worker.run(ThreadPoolExecutor.java:635)
	at java.base/java.lang.Thread.run(Thread.java:842)
... Removed 15 stack frames</pre></div><a href='#' onClick='toggleBox("stack-trace26980072", this, "Click to show all stack frames", "Click to hide stack frames")'>Click to show all stack frames</a>
<div class='stack-trace' id='stack-trace26980072'><pre>java.lang.AssertionError: Dispensary Arrow element is not present, please check manually expected [true] but found [false]
	at org.testng.Assert.fail(Assert.java:111)
	at org.testng.Assert.failNotEquals(Assert.java:1578)
	at org.testng.Assert.assertTrue(Assert.java:57)
	at testcases.yakshaHealthAppTestCase.verifyDispensaryArrowIsMinimizing(yakshaHealthAppTestCase.java:137)
	at java.base/jdk.internal.reflect.NativeMethodAccessorImpl.invoke0(Native Method)
	at java.base/jdk.internal.reflect.NativeMethodAccessorImpl.invoke(NativeMethodAccessorImpl.java:77)
	at java.base/jdk.internal.reflect.DelegatingMethodAccessorImpl.invoke(DelegatingMethodAccessorImpl.java:43)
	at java.base/java.lang.reflect.Method.invoke(Method.java:568)
	at org.testng.internal.invokers.MethodInvocationHelper.invokeMethod(MethodInvocationHelper.java:139)
	at org.testng.internal.invokers.TestInvoker.invokeMethod(TestInvoker.java:664)
	at org.testng.internal.invokers.TestInvoker.invokeTestMethod(TestInvoker.java:227)
	at org.testng.internal.invokers.MethodRunner.runInSequence(MethodRunner.java:50)
	at org.testng.internal.invokers.TestInvoker$MethodInvocationAgent.invoke(TestInvoker.java:957)
	at org.testng.internal.invokers.TestInvoker.invokeTestMethods(TestInvoker.java:200)
	at org.testng.internal.invokers.TestMethodWorker.invokeTestMethods(TestMethodWorker.java:148)
	at org.testng.internal.invokers.TestMethodWorker.run(TestMethodWorker.java:128)
	at java.base/java.util.concurrent.ThreadPoolExecutor.runWorker(ThreadPoolExecutor.java:1136)
	at java.base/java.util.concurrent.ThreadPoolExecutor$Worker.run(ThreadPoolExecutor.java:635)
	at java.base/java.lang.Thread.run(Thread.java:842)
</pre></div></td>
<td>0</td>
<td>testcases.yakshaHealthAppTestCase@724f138e</td></tr>
</table><p>
<table width='100%' border='1' class='invocation-passed'>
<tr><td colspan='4' align='center'><b>PASSED TESTS</b></td></tr>
<tr><td><b>Test method</b></td>
<td><b>Attribute(s)</b></td>
<td width="30%"><b>Exception</b></td>
<td width="10%"><b>Time (seconds)</b></td>
<td><b>Instance</b></td>
</tr>
<tr>
<td title='testcases.yakshaHealthAppTestCase.verifyControlScrollingFromDispensaryToSettingModule()'><b>verifyControlScrollingFromDispensaryToSettingModule</b><br>Test class: testcases.yakshaHealthAppTestCase<br>Test method: Verify that the left navigation menu scroll bar is scrolling from Dispensary module to settings module.</td>
<td></td>
<td>1</td>
<td>testcases.yakshaHealthAppTestCase@724f138e</td></tr>
<tr>
<td title='testcases.yakshaHealthAppTestCase.performKeyBoardOperationToOpenAddNewPatientPopup()'><b>performKeyBoardOperationToOpenAddNewPatientPopup</b><br>Test class: testcases.yakshaHealthAppTestCase<br>Test method: Perform the keyboard operation to open the  popup and verify that the popup is displayed or not.</td>
<td></td>
<td>2</td>
<td>testcases.yakshaHealthAppTestCase@724f138e</td></tr>
<tr>
<td title='testcases.yakshaHealthAppTestCase.takeScreenshotOfDoctorPage()'><b>takeScreenshotOfDoctorPage</b><br>Test class: testcases.yakshaHealthAppTestCase<br>Test method: Take screenshot of Doctor page</td>
<td></td>
<td>5</td>
<td>testcases.yakshaHealthAppTestCase@724f138e</td></tr>
<tr>
<td title='testcases.yakshaHealthAppTestCase.verifyEnteredValueIsPresent()'><b>verifyEnteredValueIsPresent</b><br>Test class: testcases.yakshaHealthAppTestCase<br>Test method: Check the data which we are entered are present in all the textfields.</td>
<td></td>
<td>0</td>
<td>testcases.yakshaHealthAppTestCase@724f138e</td></tr>
<tr>
<td title='testcases.yakshaHealthAppTestCase.verifyTooltipOfAnElement()'><b>verifyTooltipOfAnElement</b><br>Test class: testcases.yakshaHealthAppTestCase<br>Test method: Verify tooltip of an element which is present inside the Appointment page.</td>
<td></td>
<td>0</td>
<td>testcases.yakshaHealthAppTestCase@724f138e</td></tr>
<tr>
<td title='testcases.yakshaHealthAppTestCase.fillTheTextFieldInAddNewPatientPopup()'><b>fillTheTextFieldInAddNewPatientPopup</b><br>Test class: testcases.yakshaHealthAppTestCase<br>Test method: Fill all the textfields which are present inside the Add New Patient popup and verify</td>
<td></td>
<td>1</td>
<td>testcases.yakshaHealthAppTestCase@724f138e</td></tr>
<tr>
<td title='testcases.yakshaHealthAppTestCase.validateErrorMessageWhenClickOnRegisterBillingButton()'><b>validateErrorMessageWhenClickOnRegisterBillingButton</b><br>Test class: testcases.yakshaHealthAppTestCase<br>Test method: Verify the error message, when I click on register and billing button without fill any data.</td>
<td></td>
<td>0</td>
<td>testcases.yakshaHealthAppTestCase@724f138e</td></tr>
<tr>
<td title='testcases.yakshaHealthAppTestCase.verifyTitleOfTheHomePage()'><b>verifyTitleOfTheHomePage</b><br>Test class: testcases.yakshaHealthAppTestCase<br>Test method: Verify the title and url of  the current page.</td>
<td></td>
<td>5</td>
<td>testcases.yakshaHealthAppTestCase@724f138e</td></tr>
<tr>
<td title='testcases.yakshaHealthAppTestCase.deactivateUserByManagingTheAlertPopup()'><b>deactivateUserByManagingTheAlertPopup</b><br>Test class: testcases.yakshaHealthAppTestCase<br>Test method: Deactivate a user or employee by managing the alert popup</td>
<td></td>
<td>0</td>
<td>testcases.yakshaHealthAppTestCase@724f138e</td></tr>
<tr>
<td title='testcases.yakshaHealthAppTestCase.verifyDispensaryArrowIsExpanding()'><b>verifyDispensaryArrowIsExpanding</b><br>Test class: testcases.yakshaHealthAppTestCase<br>Test method: Verify that the dispensary arrow is expanding</td>
<td></td>
<td>4</td>
<td>testcases.yakshaHealthAppTestCase@724f138e</td></tr>
<tr>
<td title='testcases.yakshaHealthAppTestCase.verifyIndiaIsSelectedFromCountryDropdown()'><b>verifyIndiaIsSelectedFromCountryDropdown</b><br>Test class: testcases.yakshaHealthAppTestCase<br>Test method: Simply select India  from the country dropdown menu and validate India is selected or not.</td>
<td></td>
<td>1</td>
<td>testcases.yakshaHealthAppTestCase@724f138e</td></tr>
<tr>
<td title='testcases.yakshaHealthAppTestCase.verifySelectCounterPopupIsPresentAndNavigateToNextpage()'><b>verifySelectCounterPopupIsPresentAndNavigateToNextpage</b><br>Test class: testcases.yakshaHealthAppTestCase<br>Test method: Verify all fields and select counter pop up is present or not and proceed to the next page from the new 1 counter page.</td>
<td></td>
<td>8</td>
<td>testcases.yakshaHealthAppTestCase@724f138e</td></tr>
</table><p>
</body>
</html>